<?xml version="1.0" encoding="UTF-8"?>
<testsuite xmlns:xsi="http://www.w3.org/2001/XMLSchema-instance" xsi:noNamespaceSchemaLocation="https://maven.apache.org/surefire/maven-surefire-plugin/xsd/surefire-test-report-3.0.xsd" version="3.0" name="com.example.honeycomb.web.CrudDisableIntegrationTest" time="2.218" tests="2" errors="0" skipped="0" failures="0">
  <properties>
[...]
</properties>
  <testcase name="createIsDisabledForSampleModel" classname="com.example.honeycomb.web.CrudDisableIntegrationTest" time="0.478">
    <system-out><![CDATA[02:17:14.657 [main] INFO org.springframework.test.context.support.AnnotationConfigContextLoaderUtils -- Could not detect default configuration classes for test class [com.example.honeycomb.web.CrudDisableIntegrationTest]: CrudDisableIntegrationTest does not declare any static, non-private, non-final, nested classes annotated with @Configuration.
02:17:14.713 [main] INFO org.springframework.boot.test.context.SpringBootTestContextBootstrapper -- Found @SpringBootConfiguration com.example.honeycomb.HoneycombApplication for test class com.example.honeycomb.web.CrudDisableIntegrationTest
02:17:14,598 |-INFO in ch.qos.logback.classic.LoggerContext[default] - This is logback-classic version 1.4.11
02:17:14,599 |-INFO in ch.qos.logback.classic.util.ContextInitializer@1542af63 - Here is a list of configurators discovered as a service, by rank: 
02:17:14,599 |-INFO in ch.qos.logback.classic.util.ContextInitializer@1542af63 -   org.springframework.boot.logging.logback.RootLogLevelConfigurator
02:17:14,599 |-INFO in ch.qos.logback.classic.util.ContextInitializer@1542af63 - They will be invoked in order until ExecutionStatus.DO_NOT_INVOKE_NEXT_IF_ANY is returned.
02:17:14,599 |-INFO in ch.qos.logback.classic.util.ContextInitializer@1542af63 - Constructed configurator of type class org.springframework.boot.logging.logback.RootLogLevelConfigurator
02:17:14,603 |-INFO in ch.qos.logback.classic.util.ContextInitializer@1542af63 - org.springframework.boot.logging.logback.RootLogLevelConfigurator.configure() call lasted 0 milliseconds. ExecutionStatus=INVOKE_NEXT_IF_ANY
02:17:14,603 |-INFO in ch.qos.logback.classic.util.ContextInitializer@1542af63 - Trying to configure with ch.qos.logback.classic.joran.SerializedModelConfigurator
02:17:14,603 |-INFO in ch.qos.logback.classic.util.ContextInitializer@1542af63 - Constructed configurator of type class ch.qos.logback.classic.joran.SerializedModelConfigurator
02:17:14,613 |-INFO in ch.qos.logback.classic.LoggerContext[default] - Could NOT find resource [logback-test.scmo]
02:17:14,614 |-INFO in ch.qos.logback.classic.LoggerContext[default] - Could NOT find resource [logback.scmo]
02:17:14,614 |-INFO in ch.qos.logback.classic.util.ContextInitializer@1542af63 - ch.qos.logback.classic.joran.SerializedModelConfigurator.configure() call lasted 11 milliseconds. ExecutionStatus=INVOKE_NEXT_IF_ANY
02:17:14,614 |-INFO in ch.qos.logback.classic.util.ContextInitializer@1542af63 - Trying to configure with ch.qos.logback.classic.util.DefaultJoranConfigurator
02:17:14,614 |-INFO in ch.qos.logback.classic.util.ContextInitializer@1542af63 - Constructed configurator of type class ch.qos.logback.classic.util.DefaultJoranConfigurator
02:17:14,614 |-INFO in ch.qos.logback.classic.LoggerContext[default] - Could NOT find resource [logback-test.xml]
02:17:14,614 |-INFO in ch.qos.logback.classic.LoggerContext[default] - Could NOT find resource [logback.xml]
02:17:14,614 |-INFO in ch.qos.logback.classic.util.ContextInitializer@1542af63 - ch.qos.logback.classic.util.DefaultJoranConfigurator.configure() call lasted 0 milliseconds. ExecutionStatus=INVOKE_NEXT_IF_ANY
02:17:14,614 |-INFO in ch.qos.logback.classic.util.ContextInitializer@1542af63 - Trying to configure with ch.qos.logback.classic.BasicConfigurator
02:17:14,614 |-INFO in ch.qos.logback.classic.util.ContextInitializer@1542af63 - Constructed configurator of type class ch.qos.logback.classic.BasicConfigurator
02:17:14,614 |-INFO in ch.qos.logback.classic.BasicConfigurator@ecfbe91 - Setting up default configuration.
02:17:14,625 |-INFO in ch.qos.logback.classic.util.ContextInitializer@1542af63 - ch.qos.logback.classic.BasicConfigurator.configure() call lasted 11 milliseconds. ExecutionStatus=NEUTRAL
02:17:14,848 |-INFO in ch.qos.logback.core.joran.util.ConfigurationWatchListUtil@20ed3303 - Adding [jar:file:/Users/ravichandrasekhar/.m2/repository/org/springframework/boot/spring-boot/3.1.4/spring-boot-3.1.4.jar!/org/springframework/boot/logging/logback/defaults.xml] to configuration watch list.
02:17:14,848 |-INFO in ch.qos.logback.core.joran.spi.ConfigurationWatchList@3adbe50f - URL [jar:file:/Users/ravichandrasekhar/.m2/repository/org/springframework/boot/spring-boot/3.1.4/spring-boot-3.1.4.jar!/org/springframework/boot/logging/logback/defaults.xml] is not of type file
02:17:14,849 |-INFO in ch.qos.logback.core.joran.action.ConversionRuleAction - registering conversion word clr with class [org.springframework.boot.logging.logback.ColorConverter]
02:17:14,849 |-INFO in ch.qos.logback.core.joran.action.ConversionRuleAction - registering conversion word wex with class [org.springframework.boot.logging.logback.WhitespaceThrowableProxyConverter]
02:17:14,849 |-INFO in ch.qos.logback.core.joran.action.ConversionRuleAction - registering conversion word wEx with class [org.springframework.boot.logging.logback.ExtendedWhitespaceThrowableProxyConverter]
02:17:14,862 |-INFO in ch.qos.logback.classic.model.processor.LoggerModelHandler - Setting level of logger [org.apache.catalina.startup.DigesterFactory] to ERROR
02:17:14,862 |-INFO in ch.qos.logback.classic.jul.LevelChangePropagator@3a627c80 - Propagating ERROR level on Logger[org.apache.catalina.startup.DigesterFactory] onto the JUL framework
02:17:14,862 |-INFO in ch.qos.logback.classic.model.processor.LoggerModelHandler - Setting level of logger [org.apache.catalina.util.LifecycleBase] to ERROR
02:17:14,862 |-INFO in ch.qos.logback.classic.jul.LevelChangePropagator@3a627c80 - Propagating ERROR level on Logger[org.apache.catalina.util.LifecycleBase] onto the JUL framework
02:17:14,862 |-INFO in ch.qos.logback.classic.model.processor.LoggerModelHandler - Setting level of logger [org.apache.coyote.http11.Http11NioProtocol] to WARN
02:17:14,862 |-INFO in ch.qos.logback.classic.jul.LevelChangePropagator@3a627c80 - Propagating WARN level on Logger[org.apache.coyote.http11.Http11NioProtocol] onto the JUL framework
02:17:14,862 |-INFO in ch.qos.logback.classic.model.processor.LoggerModelHandler - Setting level of logger [org.apache.sshd.common.util.SecurityUtils] to WARN
02:17:14,862 |-INFO in ch.qos.logback.classic.jul.LevelChangePropagator@3a627c80 - Propagating WARN level on Logger[org.apache.sshd.common.util.SecurityUtils] onto the JUL framework
02:17:14,862 |-INFO in ch.qos.logback.classic.model.processor.LoggerModelHandler - Setting level of logger [org.apache.tomcat.util.net.NioSelectorPool] to WARN
02:17:14,862 |-INFO in ch.qos.logback.classic.jul.LevelChangePropagator@3a627c80 - Propagating WARN level on Logger[org.apache.tomcat.util.net.NioSelectorPool] onto the JUL framework
02:17:14,862 |-INFO in ch.qos.logback.classic.model.processor.LoggerModelHandler - Setting level of logger [org.eclipse.jetty.util.component.AbstractLifeCycle] to ERROR
02:17:14,862 |-INFO in ch.qos.logback.classic.jul.LevelChangePropagator@3a627c80 - Propagating ERROR level on Logger[org.eclipse.jetty.util.component.AbstractLifeCycle] onto the JUL framework
02:17:14,862 |-INFO in ch.qos.logback.classic.model.processor.LoggerModelHandler - Setting level of logger [org.hibernate.validator.internal.util.Version] to WARN
02:17:14,862 |-INFO in ch.qos.logback.classic.jul.LevelChangePropagator@3a627c80 - Propagating WARN level on Logger[org.hibernate.validator.internal.util.Version] onto the JUL framework
02:17:14,862 |-INFO in ch.qos.logback.classic.model.processor.LoggerModelHandler - Setting level of logger [org.springframework.boot.actuate.endpoint.jmx] to WARN
02:17:14,862 |-INFO in ch.qos.logback.classic.jul.LevelChangePropagator@3a627c80 - Propagating WARN level on Logger[org.springframework.boot.actuate.endpoint.jmx] onto the JUL framework
02:17:14,862 |-INFO in ch.qos.logback.core.model.processor.AppenderModelHandler - Processing appender named [CONSOLE]
02:17:14,862 |-INFO in ch.qos.logback.core.model.processor.AppenderModelHandler - About to instantiate appender of type [ch.qos.logback.core.ConsoleAppender]
02:17:14,863 |-INFO in ch.qos.logback.core.model.processor.ImplicitModelHandler - Assuming default type [ch.qos.logback.classic.encoder.PatternLayoutEncoder] for [encoder] property
02:17:14,869 |-WARN in ch.qos.logback.core.model.processor.AppenderModelHandler - Appender named [JSON] not referenced. Skipping further processing.
02:17:14,869 |-INFO in ch.qos.logback.classic.model.processor.RootLoggerModelHandler - Setting level of ROOT logger to INFO
02:17:14,869 |-INFO in ch.qos.logback.classic.jul.LevelChangePropagator@3a627c80 - Propagating INFO level on Logger[ROOT] onto the JUL framework
02:17:14,869 |-INFO in ch.qos.logback.core.model.processor.AppenderRefModelHandler - Attaching appender named [CONSOLE] to Logger[ROOT]
02:17:14,869 |-INFO in ch.qos.logback.classic.model.processor.LoggerModelHandler - Setting level of logger [com.example.honeycomb] to DEBUG
02:17:14,869 |-INFO in ch.qos.logback.classic.jul.LevelChangePropagator@3a627c80 - Propagating DEBUG level on Logger[com.example.honeycomb] onto the JUL framework
02:17:14,869 |-INFO in ch.qos.logback.classic.model.processor.LoggerModelHandler - Setting level of logger [org.springframework.web] to INFO
02:17:14,869 |-INFO in ch.qos.logback.classic.jul.LevelChangePropagator@3a627c80 - Propagating INFO level on Logger[org.springframework.web] onto the JUL framework
02:17:14,869 |-INFO in ch.qos.logback.classic.model.processor.LoggerModelHandler - Setting level of logger [io.github.resilience4j] to INFO
02:17:14,869 |-INFO in ch.qos.logback.classic.jul.LevelChangePropagator@3a627c80 - Propagating INFO level on Logger[io.github.resilience4j] onto the JUL framework
02:17:14,869 |-INFO in ch.qos.logback.core.model.processor.DefaultProcessor@49aa766b - End of configuration.
02:17:14,870 |-INFO in org.springframework.boot.logging.logback.SpringBootJoranConfigurator@963176 - Registering current configuration as safe fallback point


  .   ____          _            __ _ _
 /\\ / ___'_ __ _ _(_)_ __  __ _ \ \ \ \
( ( )\___ | '_ | '_| | '_ \/ _` | \ \ \ \
 \\/  ___)| |_)| | | | | || (_| |  ) ) ) )
  '  |____| .__|_| |_|_| |_\__, | / / / /
 =========|_|==============|___/=/_/_/_/
 :: Spring Boot ::                (v3.1.4)

2026-01-31 02:17:14.906  INFO 43647 --- [           main] c.e.h.web.CrudDisableIntegrationTest     : Starting CrudDisableIntegrationTest using Java 21.0.9 with PID 43647 (started by ravichandrasekhar in /Users/ravichandrasekhar/Ravi/python scripts/honeycomb)
2026-01-31 02:17:14.906 DEBUG 43647 --- [           main] c.e.h.web.CrudDisableIntegrationTest     : Running with Spring Boot v3.1.4, Spring v6.0.12
2026-01-31 02:17:14.907  INFO 43647 --- [           main] c.e.h.web.CrudDisableIntegrationTest     : No active profile set, falling back to 1 default profile: "default"
2026-01-31 02:17:15.262  INFO 43647 --- [           main] .s.d.r.c.RepositoryConfigurationDelegate : Bootstrapping Spring Data R2DBC repositories in DEFAULT mode.
2026-01-31 02:17:15.316  INFO 43647 --- [           main] .s.d.r.c.RepositoryConfigurationDelegate : Finished Spring Data repository scanning in 52 ms. Found 1 R2DBC repository interfaces.
2026-01-31 02:17:15.723 ERROR 43647 --- [           main] i.n.r.d.DnsServerAddressStreamProviders  : Unable to load io.netty.resolver.dns.macos.MacOSDnsServerAddressStreamProvider, fallback to system defaults. This may result in incorrect DNS resolutions on MacOS. Check whether you have a dependency on 'io.netty:netty-resolver-dns-native-macos'. Use DEBUG level to see the full stack: java.lang.UnsatisfiedLinkError: failed to load the required native library
2026-01-31 02:17:16.096  INFO 43647 --- [           main] o.s.b.a.e.web.EndpointLinksResolver      : Exposing 2 endpoint(s) beneath base path '/honeycomb/actuator'
2026-01-31 02:17:16.270  INFO 43647 --- [           main] o.s.b.web.embedded.netty.NettyWebServer  : Netty started on port 61798
2026-01-31 02:17:16.279  INFO 43647 --- [           main] c.e.h.web.CrudDisableIntegrationTest     : Started CrudDisableIntegrationTest in 1.522 seconds (process running for 1.93)
2026-01-31 02:17:16.290  INFO 43647 --- [           main] c.e.h.service.DomainServerManager        : Started domain server 'SampleModel' on port 8081
2026-01-31 02:17:16.755  WARN 43647 --- [     parallel-3] c.e.honeycomb.web.HoneycombController    : Create operation disabled for SampleModel
]]></system-out>
    <system-err><![CDATA[WARNING: A Java agent has been loaded dynamically (/Users/ravichandrasekhar/.m2/repository/net/bytebuddy/byte-buddy-agent/1.14.8/byte-buddy-agent-1.14.8.jar)
WARNING: If a serviceability tool is in use, please run with -XX:+EnableDynamicAgentLoading to hide this warning
WARNING: If a serviceability tool is not in use, please run with -Djdk.instrument.traceUsage for more information
WARNING: Dynamic loading of agents will be disallowed by default in a future release
]]></system-err>
  </testcase>
  <testcase name="deleteIsDisabledGlobally" classname="com.example.honeycomb.web.CrudDisableIntegrationTest" time="0.035">
    <system-out><![CDATA[disabledOperations={__all__=[delete], SampleModel=[create]}
2026-01-31 02:17:16.801  WARN 43647 --- [     parallel-7] c.e.honeycomb.web.HoneycombController    : Delete operation disabled for OtherModel/6d245466-fd82-4ff7-8523-21f2b439cac3
]]></system-out>
  </testcase>
</testsuite>