<?xml version="1.0" encoding="UTF-8"?>
<testsuite xmlns:xsi="http://www.w3.org/2001/XMLSchema-instance" xsi:noNamespaceSchemaLocation="https://maven.apache.org/surefire/maven-surefire-plugin/xsd/surefire-test-report-3.0.xsd" version="3.0" name="com.example.honeycomb.web.SharedwallDispatcherControllerTest" time="0.671" tests="8" errors="0" skipped="0" failures="0">
  <properties>
[...]
</properties>
  <testcase name="concatMultiArg" classname="com.example.honeycomb.web.SharedwallDispatcherControllerTest" time="0.105">
    <system-out><![CDATA[2026-01-31 02:17:16.808  INFO 43647 --- [           main] t.c.s.AnnotationConfigContextLoaderUtils : Could not detect default configuration classes for test class [com.example.honeycomb.web.SharedwallDispatcherControllerTest]: SharedwallDispatcherControllerTest does not declare any static, non-private, non-final, nested classes annotated with @Configuration.
2026-01-31 02:17:16.809  INFO 43647 --- [           main] .b.t.c.SpringBootTestContextBootstrapper : Found @SpringBootConfiguration com.example.honeycomb.HoneycombApplication for test class com.example.honeycomb.web.SharedwallDispatcherControllerTest
2026-01-31 02:17:16.894 DEBUG 43647 --- [     parallel-1] c.e.h.w.SharedwallDispatcherController   : Dispatch shared method=concat, headers=[WebTestClient-Request-Id:"4", Authorization:"Basic c2hhcmVkOmNoYW5nZWl0", Content-Type:"application/json", Content-Length:"13"], bodyMono=MonoOnErrorResume
2026-01-31 02:17:16.898 DEBUG 43647 --- [oundedElastic-2] c.e.h.w.SharedwallDispatcherController   : Invoking candidate ExampleSharedService.concat
2026-01-31 02:17:16.899 DEBUG 43647 --- [oundedElastic-2] c.e.h.w.SharedwallDispatcherController   : Invocation ExampleSharedService.concat succeeded
]]></system-out>
  </testcase>
  <testcase name="echoSharedMethod" classname="com.example.honeycomb.web.SharedwallDispatcherControllerTest" time="0.077">
    <system-out><![CDATA[2026-01-31 02:17:16.990 DEBUG 43647 --- [     parallel-3] c.e.h.w.SharedwallDispatcherController   : Dispatch shared method=echo, headers=[WebTestClient-Request-Id:"5", Authorization:"Basic c2hhcmVkOmNoYW5nZWl0", X-From-Cell:"test-client", Content-Type:"text/plain", Content-Length:"5"], bodyMono=MonoOnErrorResume
2026-01-31 02:17:16.992 DEBUG 43647 --- [oundedElastic-1] c.e.h.w.SharedwallDispatcherController   : Invoking candidate ExampleSharedService.echo
2026-01-31 02:17:16.992 DEBUG 43647 --- [oundedElastic-1] c.e.h.w.SharedwallDispatcherController   : Invocation ExampleSharedService.echo succeeded
]]></system-out>
  </testcase>
  <testcase name="summarizeJsonBinding" classname="com.example.honeycomb.web.SharedwallDispatcherControllerTest" time="0.078">
    <system-out><![CDATA[2026-01-31 02:17:17.067 DEBUG 43647 --- [     parallel-5] c.e.h.w.SharedwallDispatcherController   : Dispatch shared method=summarize, headers=[WebTestClient-Request-Id:"6", Authorization:"Basic c2hhcmVkOmNoYW5nZWl0", Content-Type:"application/json", Content-Length:"15"], bodyMono=MonoOnErrorResume
2026-01-31 02:17:17.069 DEBUG 43647 --- [oundedElastic-2] c.e.h.w.SharedwallDispatcherController   : Invoking candidate ExampleSharedService.summarize
2026-01-31 02:17:17.069 DEBUG 43647 --- [oundedElastic-2] c.e.h.w.SharedwallDispatcherController   : Invocation ExampleSharedService.summarize succeeded
]]></system-out>
  </testcase>
  <testcase name="invocationExceptionProducesErrorEntry" classname="com.example.honeycomb.web.SharedwallDispatcherControllerTest" time="0.077">
    <system-out><![CDATA[2026-01-31 02:17:17.145 DEBUG 43647 --- [     parallel-7] c.e.h.w.SharedwallDispatcherController   : Dispatch shared method=boom, headers=[WebTestClient-Request-Id:"7", Authorization:"Basic c2hhcmVkOmNoYW5nZWl0", Content-Type:"text/plain", Content-Length:"4"], bodyMono=MonoOnErrorResume
2026-01-31 02:17:17.146 DEBUG 43647 --- [oundedElastic-1] c.e.h.w.SharedwallDispatcherController   : Invoking candidate ExampleSharedService.boom
2026-01-31 02:17:17.147 ERROR 43647 --- [oundedElastic-1] c.e.h.w.SharedwallDispatcherController   : Invocation error on ExampleSharedService.boom: boom-exception

java.lang.reflect.InvocationTargetException: null
	at java.base/jdk.internal.reflect.DirectMethodHandleAccessor.invoke(DirectMethodHandleAccessor.java:118)
	at java.base/java.lang.reflect.Method.invoke(Method.java:580)
	at com.example.honeycomb.web.SharedwallDispatcherController.lambda$dispatch$0(SharedwallDispatcherController.java:153)
	at reactor.core.publisher.MonoCallable.call(MonoCallable.java:72)
	at reactor.core.publisher.FluxSubscribeOnCallable$CallableSubscribeOnSubscription.run(FluxSubscribeOnCallable.java:227)
	at reactor.core.scheduler.SchedulerTask.call(SchedulerTask.java:68)
	at reactor.core.scheduler.SchedulerTask.call(SchedulerTask.java:28)
	at java.base/java.util.concurrent.FutureTask.run(FutureTask.java:317)
	at java.base/java.util.concurrent.ScheduledThreadPoolExecutor$ScheduledFutureTask.run(ScheduledThreadPoolExecutor.java:304)
	at java.base/java.util.concurrent.ThreadPoolExecutor.runWorker(ThreadPoolExecutor.java:1144)
	at java.base/java.util.concurrent.ThreadPoolExecutor$Worker.run(ThreadPoolExecutor.java:642)
	at java.base/java.lang.Thread.run(Thread.java:1583)
Caused by: java.lang.RuntimeException: boom-exception
	at com.example.honeycomb.examples.ExampleSharedService.boom(ExampleSharedService.java:39)
	at java.base/jdk.internal.reflect.DirectMethodHandleAccessor.invoke(DirectMethodHandleAccessor.java:103)
	... 11 common frames omitted

]]></system-out>
  </testcase>
  <testcase name="echoDeniedWhenCallerNotAllowed" classname="com.example.honeycomb.web.SharedwallDispatcherControllerTest" time="0.077">
    <system-out><![CDATA[2026-01-31 02:17:17.224 DEBUG 43647 --- [     parallel-1] c.e.h.w.SharedwallDispatcherController   : Dispatch shared method=echo, headers=[WebTestClient-Request-Id:"8", Authorization:"Basic c2hhcmVkOmNoYW5nZWl0", X-From-Cell:"other-caller", Content-Type:"text/plain", Content-Length:"5"], bodyMono=MonoOnErrorResume
2026-01-31 02:17:17.225 DEBUG 43647 --- [oundedElastic-2] c.e.h.w.SharedwallDispatcherController   : Invoking candidate ExampleSharedService.echo
2026-01-31 02:17:17.225  WARN 43647 --- [oundedElastic-2] c.e.h.w.SharedwallDispatcherController   : Access denied invoking ExampleSharedService.echo from caller=other-caller
]]></system-out>
  </testcase>
  <testcase name="malformedJsonReturnsDeserializeError" classname="com.example.honeycomb.web.SharedwallDispatcherControllerTest" time="0.087">
    <system-out><![CDATA[2026-01-31 02:17:17.310 DEBUG 43647 --- [     parallel-3] c.e.h.w.SharedwallDispatcherController   : Dispatch shared method=summarize, headers=[WebTestClient-Request-Id:"9", Authorization:"Basic c2hhcmVkOmNoYW5nZWl0", Content-Type:"application/json", Content-Length:"8"], bodyMono=MonoOnErrorResume
2026-01-31 02:17:17.312 DEBUG 43647 --- [oundedElastic-1] c.e.h.w.SharedwallDispatcherController   : Invoking candidate ExampleSharedService.summarize
2026-01-31 02:17:17.312  WARN 43647 --- [oundedElastic-1] c.e.h.w.SharedwallDispatcherController   : JSON deserialize error for ExampleSharedService.summarize: Unexpected character ('n' (code 110)): was expecting double-quote to start field name
 at [Source: (byte[])"{notjson"; line: 1, column: 3]
]]></system-out>
  </testcase>
  <testcase name="methodNotFoundReturns404" classname="com.example.honeycomb.web.SharedwallDispatcherControllerTest" time="0.083">
    <system-out><![CDATA[2026-01-31 02:17:17.395 DEBUG 43647 --- [     parallel-5] c.e.h.w.SharedwallDispatcherController   : Dispatch shared method=doesNotExist, headers=[WebTestClient-Request-Id:"10", Authorization:"Basic c2hhcmVkOmNoYW5nZWl0", Content-Type:"application/json", Content-Length:"2"], bodyMono=MonoOnErrorResume
2026-01-31 02:17:17.396  INFO 43647 --- [     parallel-5] c.e.h.w.SharedwallDispatcherController   : No shared method 'doesNotExist' found locally
]]></system-out>
  </testcase>
  <testcase name="sumListCollection" classname="com.example.honeycomb.web.SharedwallDispatcherControllerTest" time="0.078">
    <system-out><![CDATA[2026-01-31 02:17:17.473 DEBUG 43647 --- [     parallel-7] c.e.h.w.SharedwallDispatcherController   : Dispatch shared method=sumList, headers=[WebTestClient-Request-Id:"11", Authorization:"Basic c2hhcmVkOmNoYW5nZWl0", Content-Type:"application/json", Content-Length:"7"], bodyMono=MonoOnErrorResume
2026-01-31 02:17:17.474 DEBUG 43647 --- [oundedElastic-1] c.e.h.w.SharedwallDispatcherController   : Invoking candidate ExampleSharedService.sumList
2026-01-31 02:17:17.475 DEBUG 43647 --- [oundedElastic-1] c.e.h.w.SharedwallDispatcherController   : Invocation ExampleSharedService.sumList succeeded
]]></system-out>
  </testcase>
</testsuite>